2018-05-29T19:12:39.654Z - info: Hello new log file :)
2018-05-29T19:12:39.895Z - info: Connecting...
2018-05-29T19:12:39.911Z - verbose: Loading a total of 13 commands.
2018-05-29T19:12:39.911Z - verbose: Loading Command: 8ball. 👌
2018-05-29T19:12:39.911Z - verbose: Loading Command: ban. 👌
2018-05-29T19:12:39.911Z - verbose: Loading Command: help. 👌
2018-05-29T19:12:39.911Z - verbose: Loading Command: kick. 👌
2018-05-29T19:12:39.911Z - verbose: Loading Command: lockdown. 👌
2018-05-29T19:12:39.927Z - verbose: Loading Command: mute. 👌
2018-05-29T19:12:39.927Z - verbose: Loading Command: ping. 👌
2018-05-29T19:12:39.927Z - verbose: Loading Command: purge. 👌
2018-05-29T19:12:39.931Z - verbose: Loading Command: random. 👌
2018-05-29T19:12:39.932Z - verbose: Loading Command: reload. 👌
2018-05-29T19:12:39.933Z - verbose: Loading Command: setgame. 👌
2018-05-29T19:12:39.934Z - verbose: Loading Command: unban. 👌
2018-05-29T19:12:39.935Z - verbose: Loading Command: warn. 👌
2018-05-29T19:12:39.965Z - error: Error Test
2018-05-29T19:12:39.968Z - warn: Warn Test
2018-05-29T19:12:39.980Z - info: Connecting...
2018-05-29T19:12:39.981Z - verbose: Loading a total of 13 commands.
2018-05-29T19:12:39.981Z - verbose: Loading Command: 8ball. 👌
2018-05-29T19:12:39.981Z - verbose: Loading Command: ban. 👌
2018-05-29T19:12:39.981Z - verbose: Loading Command: help. 👌
2018-05-29T19:12:39.981Z - verbose: Loading Command: kick. 👌
2018-05-29T19:12:39.981Z - verbose: Loading Command: lockdown. 👌
2018-05-29T19:12:39.981Z - verbose: Loading Command: mute. 👌
2018-05-29T19:12:39.981Z - verbose: Loading Command: ping. 👌
2018-05-29T19:12:39.981Z - verbose: Loading Command: purge. 👌
2018-05-29T19:12:39.981Z - verbose: Loading Command: random. 👌
2018-05-29T19:12:39.981Z - verbose: Loading Command: reload. 👌
2018-05-29T19:12:39.981Z - verbose: Loading Command: setgame. 👌
2018-05-29T19:12:39.981Z - verbose: Loading Command: unban. 👌
2018-05-29T19:12:39.981Z - verbose: Loading Command: warn. 👌
