2018-05-29T20:38:59.608Z - info: Hello new log file :)
2018-05-29T20:38:59.834Z - info: Connecting...
2018-05-29T20:38:59.834Z - error: No token in settings.json. Aborting...
2018-05-29T20:38:59.850Z - verbose: Loading a total of 13 commands.
2018-05-29T20:38:59.850Z - verbose: Loading Command: 8ball. 👌
2018-05-29T20:38:59.850Z - verbose: Loading Command: ban. 👌
2018-05-29T20:38:59.850Z - verbose: Loading Command: help. 👌
2018-05-29T20:38:59.850Z - verbose: Loading Command: kick. 👌
2018-05-29T20:38:59.850Z - verbose: Loading Command: lockdown. 👌
2018-05-29T20:38:59.866Z - verbose: Loading Command: mute. 👌
2018-05-29T20:38:59.866Z - verbose: Loading Command: ping. 👌
2018-05-29T20:38:59.866Z - verbose: Loading Command: purge. 👌
2018-05-29T20:38:59.870Z - verbose: Loading Command: random. 👌
2018-05-29T20:38:59.870Z - verbose: Loading Command: reload. 👌
2018-05-29T20:38:59.871Z - verbose: Loading Command: setgame. 👌
2018-05-29T20:38:59.872Z - verbose: Loading Command: unban. 👌
2018-05-29T20:38:59.874Z - verbose: Loading Command: warn. 👌
2018-05-29T20:38:59.904Z - error: Error Test
2018-05-29T20:38:59.914Z - warn: Warn Test
2018-05-29T20:38:59.921Z - info: Connecting...
2018-05-29T20:38:59.922Z - verbose: Loading a total of 13 commands.
2018-05-29T20:38:59.922Z - verbose: Loading Command: 8ball. 👌
2018-05-29T20:38:59.922Z - verbose: Loading Command: ban. 👌
2018-05-29T20:38:59.922Z - verbose: Loading Command: help. 👌
2018-05-29T20:38:59.922Z - verbose: Loading Command: kick. 👌
2018-05-29T20:38:59.922Z - verbose: Loading Command: lockdown. 👌
2018-05-29T20:38:59.922Z - verbose: Loading Command: mute. 👌
2018-05-29T20:38:59.923Z - verbose: Loading Command: ping. 👌
2018-05-29T20:38:59.923Z - verbose: Loading Command: purge. 👌
2018-05-29T20:38:59.923Z - verbose: Loading Command: random. 👌
2018-05-29T20:38:59.923Z - verbose: Loading Command: reload. 👌
2018-05-29T20:38:59.923Z - verbose: Loading Command: setgame. 👌
2018-05-29T20:38:59.923Z - verbose: Loading Command: unban. 👌
2018-05-29T20:38:59.923Z - verbose: Loading Command: warn. 👌
